<?xml version="1.0" encoding="UTF-8"?>
<testsuite xmlns:xsi="http://www.w3.org/2001/XMLSchema-instance" xsi:noNamespaceSchemaLocation="https://maven.apache.org/surefire/maven-surefire-plugin/xsd/surefire-test-report.xsd" version="3.0.2" name="com.polarbookshop.catalogservice.web.BookControllerMvcTests" time="0.352" tests="1" errors="0" skipped="0" failures="0">
  <properties>
[...]
</properties>
  <testcase name="whenGetBookNotExistingThenShouldReturn404" classname="com.polarbookshop.catalogservice.web.BookControllerMvcTests" time="0.024">
    <system-out><![CDATA[2025-06-21T07:55:51.986+05:30  INFO 69770 --- [catalog-service] [           main] t.c.s.AnnotationConfigContextLoaderUtils : Could not detect default configuration classes for test class [com.polarbookshop.catalogservice.web.BookControllerMvcTests]: BookControllerMvcTests does not declare any static, non-private, non-final, nested classes annotated with @Configuration.
2025-06-21T07:55:51.991+05:30  INFO 69770 --- [catalog-service] [           main] .b.t.c.SpringBootTestContextBootstrapper : Found @SpringBootConfiguration com.polarbookshop.catalogservice.CatalogServiceApplication for test class com.polarbookshop.catalogservice.web.BookControllerMvcTests

  .   ____          _            __ _ _
 /\\ / ___'_ __ _ _(_)_ __  __ _ \ \ \ \
( ( )\___ | '_ | '_| | '_ \/ _` | \ \ \ \
 \\/  ___)| |_)| | | | | || (_| |  ) ) ) )
  '  |____| .__|_| |_|_| |_\__, | / / / /
 =========|_|==============|___/=/_/_/_/

 :: Spring Boot ::                (v3.4.5)

2025-06-21T07:55:52.032+05:30  INFO 69770 --- [catalog-service] [           main] c.c.c.ConfigServicePropertySourceLocator : Fetching config from server at : http://localhost:8888
2025-06-21T07:55:52.035+05:30  INFO 69770 --- [catalog-service] [           main] c.c.c.ConfigServicePropertySourceLocator : Exception on Url - http://localhost:8888:org.springframework.web.client.ResourceAccessException: I/O error on GET request for "http://localhost:8888/catalog-service/default": Connection refused. Will be trying the next url if available
2025-06-21T07:55:52.035+05:30  WARN 69770 --- [catalog-service] [           main] c.c.c.ConfigServicePropertySourceLocator : Could not locate PropertySource: I/O error on GET request for "http://localhost:8888/catalog-service/default": Connection refused
2025-06-21T07:55:52.036+05:30  INFO 69770 --- [catalog-service] [           main] c.p.c.web.BookControllerMvcTests         : No active profile set, falling back to 1 default profile: "default"
2025-06-21T07:55:52.281+05:30  INFO 69770 --- [catalog-service] [           main] o.s.b.t.m.w.SpringBootMockServletContext : Initializing Spring TestDispatcherServlet ''
2025-06-21T07:55:52.282+05:30  INFO 69770 --- [catalog-service] [           main] o.s.t.web.servlet.TestDispatcherServlet  : Initializing Servlet ''
2025-06-21T07:55:52.282+05:30  INFO 69770 --- [catalog-service] [           main] o.s.t.web.servlet.TestDispatcherServlet  : Completed initialization in 0 ms
2025-06-21T07:55:52.312+05:30  INFO 69770 --- [catalog-service] [           main] c.p.c.web.BookControllerMvcTests         : Started BookControllerMvcTests in 0.318 seconds (process running for 1.512)
applicationRunner: 9001
applicationRunner: Welcome KIDDO to the local book catalog!
]]></system-out>
  </testcase>
</testsuite>