<?xml version="1.0" encoding="UTF-8"?>
<testsuite xmlns:xsi="http://www.w3.org/2001/XMLSchema-instance" xsi:noNamespaceSchemaLocation="https://maven.apache.org/surefire/maven-surefire-plugin/xsd/surefire-test-report.xsd" version="3.0.2" name="com.polarbookshop.catalogservice.CatalogServiceApplicationTests" time="2.975" tests="3" errors="0" skipped="0" failures="0">
  <properties>
[...]
</properties>
  <testcase name="whenDeleteRequestThenBookDeleted" classname="com.polarbookshop.catalogservice.CatalogServiceApplicationTests" time="0.248">
    <system-out><![CDATA[2025-05-18T19:27:15.646+05:30  INFO 97835 --- [catalog-service] [           main] t.c.s.AnnotationConfigContextLoaderUtils : Could not detect default configuration classes for test class [com.polarbookshop.catalogservice.CatalogServiceApplicationTests]: CatalogServiceApplicationTests does not declare any static, non-private, non-final, nested classes annotated with @Configuration.
2025-05-18T19:27:15.651+05:30  INFO 97835 --- [catalog-service] [           main] .b.t.c.SpringBootTestContextBootstrapper : Found @SpringBootConfiguration com.polarbookshop.catalogservice.CatalogServiceApplication for test class com.polarbookshop.catalogservice.CatalogServiceApplicationTests

  .   ____          _            __ _ _
 /\\ / ___'_ __ _ _(_)_ __  __ _ \ \ \ \
( ( )\___ | '_ | '_| | '_ \/ _` | \ \ \ \
 \\/  ___)| |_)| | | | | || (_| |  ) ) ) )
  '  |____| .__|_| |_|_| |_\__, | / / / /
 =========|_|==============|___/=/_/_/_/

 :: Spring Boot ::                (v3.4.5)

2025-05-18T19:27:15.717+05:30  INFO 97835 --- [catalog-service] [           main] c.c.c.ConfigServicePropertySourceLocator : Fetching config from server at : http://localhost:8888
2025-05-18T19:27:16.389+05:30  INFO 97835 --- [catalog-service] [           main] c.c.c.ConfigServicePropertySourceLocator : Located environment: name=catalog-service, profiles=[integration], label=null, version=51396459f42249c82f5d09b672fa974c833099e0, state=
2025-05-18T19:27:16.389+05:30  INFO 97835 --- [catalog-service] [           main] b.c.PropertySourceBootstrapConfiguration : Located property source: [BootstrapPropertySource {name='bootstrapProperties-configClient'}, BootstrapPropertySource {name='bootstrapProperties-https://github.com/codingkiddo/config-repo.git/catalog-service.yml'}]
2025-05-18T19:27:16.392+05:30  INFO 97835 --- [catalog-service] [           main] c.p.c.CatalogServiceApplicationTests     : The following 1 profile is active: "integration"
2025-05-18T19:27:16.571+05:30  INFO 97835 --- [catalog-service] [           main] .s.d.r.c.RepositoryConfigurationDelegate : Bootstrapping Spring Data JDBC repositories in DEFAULT mode.
2025-05-18T19:27:16.583+05:30  INFO 97835 --- [catalog-service] [           main] .s.d.r.c.RepositoryConfigurationDelegate : Finished Spring Data repository scanning in 9 ms. Found 1 JDBC repository interface.
2025-05-18T19:27:16.630+05:30  INFO 97835 --- [catalog-service] [           main] o.s.cloud.context.scope.GenericScope     : BeanFactory id=08c2346c-266f-3ecb-9dc0-10145b3a719d
2025-05-18T19:27:16.725+05:30  INFO 97835 --- [catalog-service] [           main] o.s.b.w.embedded.tomcat.TomcatWebServer  : Tomcat initialized with port 0 (http)
2025-05-18T19:27:16.729+05:30  INFO 97835 --- [catalog-service] [           main] o.apache.catalina.core.StandardService   : Starting service [Tomcat]
2025-05-18T19:27:16.729+05:30  INFO 97835 --- [catalog-service] [           main] o.apache.catalina.core.StandardEngine    : Starting Servlet engine: [Apache Tomcat/10.1.40]
2025-05-18T19:27:16.745+05:30  INFO 97835 --- [catalog-service] [           main] o.a.c.c.C.[Tomcat].[localhost].[/]       : Initializing Spring embedded WebApplicationContext
2025-05-18T19:27:16.745+05:30  INFO 97835 --- [catalog-service] [           main] w.s.c.ServletWebServerApplicationContext : Root WebApplicationContext: initialization completed in 351 ms
2025-05-18T19:27:16.820+05:30  INFO 97835 --- [catalog-service] [           main] com.zaxxer.hikari.HikariDataSource       : HikariPool-1 - Starting...
2025-05-18T19:27:16.832+05:30  INFO 97835 --- [catalog-service] [           main] org.testcontainers.images.PullPolicy     : Image pull policy will be performed by: DefaultPullPolicy()
2025-05-18T19:27:16.833+05:30  INFO 97835 --- [catalog-service] [           main] o.t.utility.ImageNameSubstitutor         : Image name substitution will be performed by: DefaultImageNameSubstitutor (composite of 'ConfigurationFileImageNameSubstitutor' and 'PrefixingImageNameSubstitutor')
2025-05-18T19:27:16.835+05:30  INFO 97835 --- [catalog-service] [           main] org.testcontainers.DockerClientFactory   : Testcontainers version: 1.20.6
2025-05-18T19:27:16.898+05:30  INFO 97835 --- [catalog-service] [           main] o.t.d.DockerClientProviderStrategy       : Loaded org.testcontainers.dockerclient.UnixSocketClientProviderStrategy from ~/.testcontainers.properties, will try it first
2025-05-18T19:27:16.976+05:30  INFO 97835 --- [catalog-service] [           main] o.t.d.DockerClientProviderStrategy       : Found Docker environment with local Unix socket (unix:///var/run/docker.sock)
2025-05-18T19:27:16.977+05:30  INFO 97835 --- [catalog-service] [           main] org.testcontainers.DockerClientFactory   : Docker host IP address is localhost
2025-05-18T19:27:16.985+05:30  INFO 97835 --- [catalog-service] [           main] org.testcontainers.DockerClientFactory   : Connected to docker: 
  Server Version: 28.1.1
  API Version: 1.49
  Operating System: Docker Desktop
  Total Memory: 7836 MB
  Labels: 
    com.docker.desktop.address=unix:///Users/vinodkumar/Library/Containers/com.docker.docker/Data/docker-cli.sock
2025-05-18T19:27:17.008+05:30  INFO 97835 --- [catalog-service] [           main] tc.testcontainers/ryuk:0.11.0            : Creating container for image: testcontainers/ryuk:0.11.0
2025-05-18T19:27:17.107+05:30  INFO 97835 --- [catalog-service] [           main] tc.testcontainers/ryuk:0.11.0            : Container testcontainers/ryuk:0.11.0 is starting: 43432765af98032e7dbdba25591aca3898e3c1f9fc73f9ed409ac53fcfd7aad6
2025-05-18T19:27:17.264+05:30  INFO 97835 --- [catalog-service] [           main] tc.testcontainers/ryuk:0.11.0            : Container testcontainers/ryuk:0.11.0 started in PT0.255508S
2025-05-18T19:27:17.266+05:30  INFO 97835 --- [catalog-service] [           main] o.t.utility.RyukResourceReaper           : Ryuk started - will monitor and terminate Testcontainers containers on JVM exit
2025-05-18T19:27:17.266+05:30  INFO 97835 --- [catalog-service] [           main] org.testcontainers.DockerClientFactory   : Checking the system...
2025-05-18T19:27:17.266+05:30  INFO 97835 --- [catalog-service] [           main] org.testcontainers.DockerClientFactory   : ✔︎ Docker server version should be at least 1.6.0
2025-05-18T19:27:17.266+05:30  INFO 97835 --- [catalog-service] [           main] tc.postgres:14.4                         : Creating container for image: postgres:14.4
2025-05-18T19:27:17.290+05:30  INFO 97835 --- [catalog-service] [           main] tc.postgres:14.4                         : Container postgres:14.4 is starting: 1d179b24c47636be3686226e72feaca6da2147f2cf7cb8b5f217359c7332acc7
2025-05-18T19:27:17.916+05:30  INFO 97835 --- [catalog-service] [           main] tc.postgres:14.4                         : Container postgres:14.4 started in PT0.649305S
2025-05-18T19:27:17.916+05:30  INFO 97835 --- [catalog-service] [           main] tc.postgres:14.4                         : Container is started (JDBC URL: jdbc:postgresql://localhost:54464/test?loggerLevel=OFF)
2025-05-18T19:27:18.009+05:30  INFO 97835 --- [catalog-service] [           main] com.zaxxer.hikari.pool.HikariPool        : HikariPool-1 - Added connection org.testcontainers.jdbc.ConnectionWrapper@8ae7e03
2025-05-18T19:27:18.010+05:30  INFO 97835 --- [catalog-service] [           main] com.zaxxer.hikari.HikariDataSource       : HikariPool-1 - Start completed.
2025-05-18T19:27:18.178+05:30  INFO 97835 --- [catalog-service] [           main] o.s.b.a.e.web.EndpointLinksResolver      : Exposing 1 endpoint beneath base path '/actuator'
2025-05-18T19:27:18.275+05:30  INFO 97835 --- [catalog-service] [           main] o.s.b.w.embedded.tomcat.TomcatWebServer  : Tomcat started on port 54470 (http) with context path '/'
2025-05-18T19:27:18.285+05:30  INFO 97835 --- [catalog-service] [           main] c.p.c.CatalogServiceApplicationTests     : Started CatalogServiceApplicationTests in 2.632 seconds (process running for 5.65)
applicationRunner: 0
applicationRunner: Welcome to the catalog from a fresh config server
2025-05-18T19:27:18.392+05:30 ERROR 97835 --- [catalog-service] [           main] i.n.r.d.DnsServerAddressStreamProviders  : Unable to load io.netty.resolver.dns.macos.MacOSDnsServerAddressStreamProvider, fallback to system defaults. This may result in incorrect DNS resolutions on MacOS. Check whether you have a dependency on 'io.netty:netty-resolver-dns-native-macos'. Use DEBUG level to see the full stack: java.lang.UnsatisfiedLinkError: failed to load the required native library
2025-05-18T19:27:18.482+05:30  INFO 97835 --- [catalog-service] [o-auto-1-exec-1] o.a.c.c.C.[Tomcat].[localhost].[/]       : Initializing Spring DispatcherServlet 'dispatcherServlet'
2025-05-18T19:27:18.482+05:30  INFO 97835 --- [catalog-service] [o-auto-1-exec-1] o.s.web.servlet.DispatcherServlet        : Initializing Servlet 'dispatcherServlet'
2025-05-18T19:27:18.483+05:30  INFO 97835 --- [catalog-service] [o-auto-1-exec-1] o.s.web.servlet.DispatcherServlet        : Completed initialization in 1 ms
]]></system-out>
  </testcase>
  <testcase name="whenPutRequestThenBookUpdated" classname="com.polarbookshop.catalogservice.CatalogServiceApplicationTests" time="0.024"/>
  <testcase name="whenGetRequestWithIdThenBookReturned" classname="com.polarbookshop.catalogservice.CatalogServiceApplicationTests" time="0.011"/>
</testsuite>